<?xml version="1.0" encoding="UTF-8"?>
<testng-results ignored="0" total="4" passed="4" failed="0" skipped="0">
  <reporter-output>
  </reporter-output>
  <suite started-at="2022-07-04T14:16:44 IST" name="feb" finished-at="2022-07-04T14:16:44 IST" duration-ms="173">
    <groups>
    </groups>
    <test started-at="2022-07-04T14:16:44 IST" name="Demo" finished-at="2022-07-04T14:16:44 IST" duration-ms="58">
      <class name="demo.Demo_2">
        <test-method is-config="true" signature="beforeclass()[pri:0, instance:demo.Demo_2@44821a96]" started-at="2022-07-04T14:16:44 IST" name="beforeclass" finished-at="2022-07-04T14:16:44 IST" duration-ms="0" status="PASS">
          <reporter-output>
          </reporter-output>
        </test-method> <!-- beforeclass -->
        <test-method is-config="true" signature="beforeMethod()[pri:0, instance:demo.Demo_2@44821a96]" started-at="2022-07-04T14:16:44 IST" name="beforeMethod" finished-at="2022-07-04T14:16:44 IST" duration-ms="0" status="PASS">
          <reporter-output>
          </reporter-output>
        </test-method> <!-- beforeMethod -->
        <test-method signature="test()[pri:0, instance:demo.Demo_2@44821a96]" started-at="2022-07-04T14:16:44 IST" name="test" finished-at="2022-07-04T14:16:44 IST" duration-ms="8" status="PASS">
          <reporter-output>
          </reporter-output>
        </test-method> <!-- test -->
        <test-method is-config="true" signature="aftermethod()[pri:0, instance:demo.Demo_2@44821a96]" started-at="2022-07-04T14:16:44 IST" name="aftermethod" finished-at="2022-07-04T14:16:44 IST" duration-ms="3" status="PASS">
          <reporter-output>
          </reporter-output>
        </test-method> <!-- aftermethod -->
        <test-method is-config="true" signature="afterclass()[pri:0, instance:demo.Demo_2@44821a96]" started-at="2022-07-04T14:16:44 IST" name="afterclass" finished-at="2022-07-04T14:16:44 IST" duration-ms="0" status="PASS">
          <reporter-output>
          </reporter-output>
        </test-method> <!-- afterclass -->
      </class> <!-- demo.Demo_2 -->
      <class name="demo.Demo_1">
        <test-method is-config="true" signature="beforetest()[pri:0, instance:demo.Demo_1@696da30b]" started-at="2022-07-04T14:16:44 IST" name="beforetest" finished-at="2022-07-04T14:16:44 IST" duration-ms="6" status="PASS">
          <reporter-output>
          </reporter-output>
        </test-method> <!-- beforetest -->
        <test-method is-config="true" signature="beforeclass()[pri:0, instance:demo.Demo_1@696da30b]" started-at="2022-07-04T14:16:44 IST" name="beforeclass" finished-at="2022-07-04T14:16:44 IST" duration-ms="0" status="PASS">
          <reporter-output>
          </reporter-output>
        </test-method> <!-- beforeclass -->
        <test-method is-config="true" signature="beforeMethod()[pri:0, instance:demo.Demo_1@696da30b]" started-at="2022-07-04T14:16:44 IST" name="beforeMethod" finished-at="2022-07-04T14:16:44 IST" duration-ms="0" status="PASS">
          <reporter-output>
          </reporter-output>
        </test-method> <!-- beforeMethod -->
        <test-method signature="test()[pri:0, instance:demo.Demo_1@696da30b]" started-at="2022-07-04T14:16:44 IST" name="test" finished-at="2022-07-04T14:16:44 IST" duration-ms="5" status="PASS">
          <reporter-output>
          </reporter-output>
        </test-method> <!-- test -->
        <test-method is-config="true" signature="aftermethod()[pri:0, instance:demo.Demo_1@696da30b]" started-at="2022-07-04T14:16:44 IST" name="aftermethod" finished-at="2022-07-04T14:16:44 IST" duration-ms="5" status="PASS">
          <reporter-output>
          </reporter-output>
        </test-method> <!-- aftermethod -->
        <test-method is-config="true" signature="afterclass()[pri:0, instance:demo.Demo_1@696da30b]" started-at="2022-07-04T14:16:44 IST" name="afterclass" finished-at="2022-07-04T14:16:44 IST" duration-ms="0" status="PASS">
          <reporter-output>
          </reporter-output>
        </test-method> <!-- afterclass -->
        <test-method is-config="true" signature="aftertest()[pri:0, instance:demo.Demo_1@696da30b]" started-at="2022-07-04T14:16:44 IST" name="aftertest" finished-at="2022-07-04T14:16:44 IST" duration-ms="0" status="PASS">
          <reporter-output>
          </reporter-output>
        </test-method> <!-- aftertest -->
      </class> <!-- demo.Demo_1 -->
    </test> <!-- Demo -->
    <test started-at="2022-07-04T14:16:44 IST" name="ff" finished-at="2022-07-04T14:16:44 IST" duration-ms="20">
      <class name="demo.Demo_2">
        <test-method is-config="true" signature="beforeclass()[pri:0, instance:demo.Demo_2@3d5c822d]" started-at="2022-07-04T14:16:44 IST" name="beforeclass" finished-at="2022-07-04T14:16:44 IST" duration-ms="1" status="PASS">
          <reporter-output>
          </reporter-output>
        </test-method> <!-- beforeclass -->
        <test-method is-config="true" signature="beforeMethod()[pri:0, instance:demo.Demo_2@3d5c822d]" started-at="2022-07-04T14:16:44 IST" name="beforeMethod" finished-at="2022-07-04T14:16:44 IST" duration-ms="0" status="PASS">
          <reporter-output>
          </reporter-output>
        </test-method> <!-- beforeMethod -->
        <test-method signature="test()[pri:0, instance:demo.Demo_2@3d5c822d]" started-at="2022-07-04T14:16:44 IST" name="test" finished-at="2022-07-04T14:16:44 IST" duration-ms="2" status="PASS">
          <reporter-output>
          </reporter-output>
        </test-method> <!-- test -->
        <test-method is-config="true" signature="aftermethod()[pri:0, instance:demo.Demo_2@3d5c822d]" started-at="2022-07-04T14:16:44 IST" name="aftermethod" finished-at="2022-07-04T14:16:44 IST" duration-ms="1" status="PASS">
          <reporter-output>
          </reporter-output>
        </test-method> <!-- aftermethod -->
        <test-method is-config="true" signature="afterclass()[pri:0, instance:demo.Demo_2@3d5c822d]" started-at="2022-07-04T14:16:44 IST" name="afterclass" finished-at="2022-07-04T14:16:44 IST" duration-ms="1" status="PASS">
          <reporter-output>
          </reporter-output>
        </test-method> <!-- afterclass -->
      </class> <!-- demo.Demo_2 -->
      <class name="demo.Demo_1">
        <test-method is-config="true" signature="beforetest()[pri:0, instance:demo.Demo_1@3c73951]" started-at="2022-07-04T14:16:44 IST" name="beforetest" finished-at="2022-07-04T14:16:44 IST" duration-ms="0" status="PASS">
          <reporter-output>
          </reporter-output>
        </test-method> <!-- beforetest -->
        <test-method is-config="true" signature="beforeclass()[pri:0, instance:demo.Demo_1@3c73951]" started-at="2022-07-04T14:16:44 IST" name="beforeclass" finished-at="2022-07-04T14:16:44 IST" duration-ms="0" status="PASS">
          <reporter-output>
          </reporter-output>
        </test-method> <!-- beforeclass -->
        <test-method is-config="true" signature="beforeMethod()[pri:0, instance:demo.Demo_1@3c73951]" started-at="2022-07-04T14:16:44 IST" name="beforeMethod" finished-at="2022-07-04T14:16:44 IST" duration-ms="0" status="PASS">
          <reporter-output>
          </reporter-output>
        </test-method> <!-- beforeMethod -->
        <test-method signature="test()[pri:0, instance:demo.Demo_1@3c73951]" started-at="2022-07-04T14:16:44 IST" name="test" finished-at="2022-07-04T14:16:44 IST" duration-ms="1" status="PASS">
          <reporter-output>
          </reporter-output>
        </test-method> <!-- test -->
        <test-method is-config="true" signature="aftermethod()[pri:0, instance:demo.Demo_1@3c73951]" started-at="2022-07-04T14:16:44 IST" name="aftermethod" finished-at="2022-07-04T14:16:44 IST" duration-ms="1" status="PASS">
          <reporter-output>
          </reporter-output>
        </test-method> <!-- aftermethod -->
        <test-method is-config="true" signature="afterclass()[pri:0, instance:demo.Demo_1@3c73951]" started-at="2022-07-04T14:16:44 IST" name="afterclass" finished-at="2022-07-04T14:16:44 IST" duration-ms="1" status="PASS">
          <reporter-output>
          </reporter-output>
        </test-method> <!-- afterclass -->
        <test-method is-config="true" signature="aftertest()[pri:0, instance:demo.Demo_1@3c73951]" started-at="2022-07-04T14:16:44 IST" name="aftertest" finished-at="2022-07-04T14:16:44 IST" duration-ms="0" status="PASS">
          <reporter-output>
          </reporter-output>
        </test-method> <!-- aftertest -->
      </class> <!-- demo.Demo_1 -->
    </test> <!-- ff -->
  </suite> <!-- feb -->
</testng-results>
